2023-06-20 17:18:09.038 [info] Log level: Info
2023-06-20 17:18:09.039 [info] Validating found git in: "git"
2023-06-20 17:18:09.039 [info] Using git "2.41.0" from "git"
2023-06-20 17:18:09.040 [info] > git rev-parse --show-toplevel [10ms]
2023-06-20 17:18:09.040 [info] fatal: not a git repository (or any of the parent directories): .git
2023-06-20 17:18:09.044 [info] > git rev-parse --show-toplevel [1ms]
2023-06-20 17:18:09.045 [info] fatal: not a git repository (or any of the parent directories): .git
2023-06-20 17:18:09.049 [info] > git rev-parse --show-toplevel [0ms]
2023-06-20 17:18:09.049 [info] fatal: not a git repository (or any of the parent directories): .git
2023-06-20 17:18:09.053 [info] > git rev-parse --show-toplevel [2ms]
2023-06-20 17:18:09.053 [info] fatal: not a git repository (or any of the parent directories): .git
2023-06-20 17:18:09.058 [info] > git rev-parse --show-toplevel [1ms]
2023-06-20 17:18:09.058 [info] fatal: not a git repository (or any of the parent directories): .git
2023-06-20 17:18:09.062 [info] > git rev-parse --show-toplevel [0ms]
2023-06-20 17:18:09.062 [info] fatal: not a git repository (or any of the parent directories): .git
2023-06-20 17:18:09.065 [info] > git rev-parse --show-toplevel [1ms]
2023-06-20 17:18:09.065 [info] fatal: not a git repository (or any of the parent directories): .git
2023-06-20 17:18:09.070 [info] > git rev-parse --show-toplevel [1ms]
2023-06-20 17:18:09.070 [info] fatal: not a git repository (or any of the parent directories): .git
2023-06-20 17:18:09.074 [info] > git rev-parse --show-toplevel [1ms]
2023-06-20 17:18:09.074 [info] fatal: not a git repository (or any of the parent directories): .git
2023-06-20 17:18:09.078 [info] > git rev-parse --show-toplevel [1ms]
2023-06-20 17:18:09.078 [info] fatal: not a git repository (or any of the parent directories): .git
2023-06-20 17:18:09.082 [info] > git rev-parse --show-toplevel [1ms]
2023-06-20 17:18:09.082 [info] fatal: not a git repository (or any of the parent directories): .git
2023-06-20 17:18:09.087 [info] > git rev-parse --show-toplevel [1ms]
2023-06-20 17:18:09.087 [info] fatal: not a git repository (or any of the parent directories): .git
2023-06-20 17:18:09.091 [info] > git rev-parse --show-toplevel [0ms]
2023-06-20 17:18:09.091 [info] fatal: not a git repository (or any of the parent directories): .git
2023-06-20 17:18:09.095 [info] > git rev-parse --show-toplevel [1ms]
2023-06-20 17:18:09.095 [info] fatal: not a git repository (or any of the parent directories): .git
2023-06-20 17:18:09.100 [info] > git rev-parse --show-toplevel [1ms]
2023-06-20 17:18:09.100 [info] fatal: not a git repository (or any of the parent directories): .git
2023-06-20 17:18:09.104 [info] > git rev-parse --show-toplevel [1ms]
2023-06-20 17:18:09.104 [info] fatal: not a git repository (or any of the parent directories): .git
