2023-06-20 09:53:41.408 [info] Experiment 'pythonPromptNewFormatterExt' is active
2023-06-20 09:53:41.408 [info] Experiment 'pythonPromptNewToolsExt' is active
2023-06-20 09:53:41.464 [info] Test server listening.
2023-06-20 09:53:41.471 [info] > conda info --json
2023-06-20 09:53:41.490 [info] Found: /bin/python --> /bin/python3.11
2023-06-20 09:53:41.493 [info] Found: /bin/python3 --> /bin/python3.11
2023-06-20 09:53:41.493 [info] Found: /bin/python3.11 --> /bin/python3.11
2023-06-20 09:53:41.512 [warning] Retry failed, storage update failed for key PYTHON_GLOBAL_STORAGE_KEYS
2023-06-20 09:53:41.512 [warning] Retry failed, storage update failed for key PYTHON_GLOBAL_STORAGE_KEYS
2023-06-20 09:53:41.512 [warning] Retry failed, storage update failed for key PYTHON_GLOBAL_STORAGE_KEYS
2023-06-20 09:53:41.512 [warning] Retry failed, storage update failed for key PYTHON_GLOBAL_STORAGE_KEYS
2023-06-20 09:53:41.512 [warning] Retry failed, storage update failed for key PYTHON_GLOBAL_STORAGE_KEYS
2023-06-20 09:53:41.512 [info] Found: /sbin/python --> /sbin/python3.11
2023-06-20 09:53:41.512 [warning] Retry failed, storage update failed for key PYTHON_WORKSPACE_STORAGE_KEYS
2023-06-20 09:53:41.513 [warning] Retry failed, storage update failed for key PYTHON_WORKSPACE_STORAGE_KEYS
2023-06-20 09:53:41.513 [warning] Retry failed, storage update failed for key PYTHON_WORKSPACE_STORAGE_KEYS
2023-06-20 09:53:41.513 [info] Found: /sbin/python3 --> /sbin/python3.11
2023-06-20 09:53:41.513 [info] Found: /sbin/python3.11 --> /sbin/python3.11
2023-06-20 09:53:41.531 [info] Found: /usr/bin/python --> /usr/bin/python3.11
2023-06-20 09:53:41.531 [info] Found: /usr/bin/python3 --> /usr/bin/python3.11
2023-06-20 09:53:41.532 [info] Found: /usr/bin/python3.11 --> /usr/bin/python3.11
2023-06-20 09:53:41.559 [info] Found: /usr/sbin/python --> /usr/sbin/python3.11
2023-06-20 09:53:41.560 [info] Found: /usr/sbin/python3 --> /usr/sbin/python3.11
2023-06-20 09:53:41.560 [info] Found: /usr/sbin/python3.11 --> /usr/sbin/python3.11
2023-06-20 09:53:41.572 [info] > /bin/python -I ~/.vscode/extensions/ms-python.python-2023.10.1/pythonFiles/get_output_via_markers.py ~/.vscode/extensions/ms-python.python-2023.10.1/pythonFiles/interpreterInfo.py
2023-06-20 09:53:41.579 [info] > /sbin/python -I ~/.vscode/extensions/ms-python.python-2023.10.1/pythonFiles/get_output_via_markers.py ~/.vscode/extensions/ms-python.python-2023.10.1/pythonFiles/interpreterInfo.py
2023-06-20 09:53:42.513 [info] > /usr/bin/python -I ~/.vscode/extensions/ms-python.python-2023.10.1/pythonFiles/get_output_via_markers.py ~/.vscode/extensions/ms-python.python-2023.10.1/pythonFiles/interpreterInfo.py
2023-06-20 09:53:42.518 [info] > /usr/sbin/python -I ~/.vscode/extensions/ms-python.python-2023.10.1/pythonFiles/get_output_via_markers.py ~/.vscode/extensions/ms-python.python-2023.10.1/pythonFiles/interpreterInfo.py
2023-06-20 09:53:42.565 [info] Python interpreter path: /bin/python
2023-06-20 09:53:42.568 [warning] Retry failed, storage update failed for key PYTHON_GLOBAL_STORAGE_KEYS
2023-06-20 09:53:43.541 [info] Starting Pylance language server.
